<?xml version="1.0" encoding="UTF-8"?>
<!-- Generated by org.testng.reporters.JUnitXMLReporter -->
<testsuite ignored="1" hostname="LAPTOP-CPN8B0I3" failures="0" tests="6" name="Car Loan" time="0.206" errors="0" timestamp="2025-05-14T11:00:55 IST">
  <testcase classname="Test.day3" name="MobileSignoutCarLoan" time="0.023"/>
  <testcase classname="Test.day3" name="MobileSignoutCarLoan" time="0.005"/>
  <testcase classname="Test.day3" name="MobileSignoutCarLoan" time="0.006"/>
  <testcase classname="Test.day3" name="WebloginCarLoan" time="0.004"/>
  <testcase classname="Test.day3" name="MobileloginCarLoan" time="0.004"/>
  <testcase classname="Test.day3" name="LoginApiCarLoan" time="0.003"/>
  <testcase classname="Test.day3" name="MobileSigninCarLoan" time="0.0">
    <ignored/>
  </testcase> <!-- MobileSigninCarLoan -->
</testsuite> <!-- Car Loan -->
