<?xml version="1.0" encoding="UTF-8"?>
<!-- Generated by org.testng.reporters.JUnitXMLReporter -->
<testsuite ignored="1" hostname="LAPTOP-CPN8B0I3" failures="1" tests="5" name="Personal Loan" time="0.195" errors="0" timestamp="2025-05-14T11:00:55 IST">
  <testcase classname="Test.day1" name="Demo" time="0.035">
    <failure type="java.lang.AssertionError" message="expected [true] but found [false]">
      <![CDATA[java.lang.AssertionError: expected [true] but found [false]
at Test.day1.Demo(day1.java:22)
at java.base/java.util.ArrayList.forEach(ArrayList.java:1596)
at java.base/java.util.concurrent.FutureTask.run(FutureTask.java:317)
at java.base/java.util.concurrent.ThreadPoolExecutor.runWorker(ThreadPoolExecutor.java:1144)
at java.base/java.util.concurrent.ThreadPoolExecutor$Worker.run(ThreadPoolExecutor.java:642)
at java.base/java.lang.Thread.run(Thread.java:1583)
... Removed 19 stack frames]]>
    </failure>
  </testcase> <!-- Demo -->
  <testcase classname="Test.day2" name="PersonalLoan" time="0.005"/>
  <testcase classname="Test.day4" name="LoginApiHomeLoan" time="0.004"/>
  <testcase classname="Test.day4" name="MobileloginHomeLoan" time="0.004"/>
  <testcase classname="Test.day4" name="WebloginHomeLoan" time="0.011"/>
  <testcase classname="Test.day1" name="secondTest" time="0.0">
    <ignored/>
  </testcase> <!-- secondTest -->
</testsuite> <!-- Personal Loan -->
