<?xml version="1.0" encoding="UTF-8"?>
<!-- Generated by org.testng.reporters.JUnitXMLReporter -->
<testsuite ignored="3" hostname="LAPTOP-CPN8B0I3" failures="0" tests="8" name="Regression" time="0.141" errors="0" timestamp="2025-05-09T10:35:20 IST">
  <testcase classname="Test.day1" name="Demo" time="0.012"/>
  <testcase classname="Test.day1" name="secondTest" time="0.002"/>
  <testcase classname="Test.day3" name="LoginApiCarLoan" time="0.002"/>
  <testcase classname="Test.day3" name="MobileSigninCarLoan" time="0.003"/>
  <testcase classname="Test.day3" name="MobileSignoutCarLoan" time="0.003"/>
  <testcase classname="Test.day3" name="WebloginCarLoan" time="0.002"/>
  <testcase classname="Test.day4" name="LoginApiHomeLoan" time="0.002"/>
  <testcase classname="Test.day4" name="WebloginHomeLoan" time="0.003"/>
  <testcase classname="Test.day3" name="MobileloginCarLoan" time="0.0">
    <ignored/>
  </testcase> <!-- MobileloginCarLoan -->
  <testcase classname="Test.day2" name="PersonalLoan" time="0.0">
    <ignored/>
  </testcase> <!-- PersonalLoan -->
  <testcase classname="Test.day4" name="MobileloginHomeLoan" time="0.0">
    <ignored/>
  </testcase> <!-- MobileloginHomeLoan -->
</testsuite> <!-- Regression -->
