<?xml version="1.0" encoding="UTF-8"?>
<!-- Generated by org.testng.reporters.JUnitReportReporter -->
<testsuite hostname="LAPTOP-CPN8B0I3" failures="0" tests="3" name="Test.day4" time="0.019" errors="0" timestamp="2025-05-14T11:00:55 IST" skipped="0">
  <testcase classname="Test.day4" name="WebloginHomeLoan" time="0.011"/>
  <testcase classname="Test.day4" name="LoginApiHomeLoan" time="0.004"/>
  <testcase classname="Test.day4" name="MobileloginHomeLoan" time="0.004"/>
</testsuite> <!-- Test.day4 -->
