<?xml version="1.0" encoding="UTF-8"?>
<!-- Generated by org.testng.reporters.JUnitReportReporter -->
<testsuite hostname="LAPTOP-CPN8B0I3" failures="0" tests="7" name="Test.day3" time="0.057" errors="0" timestamp="2025-05-14T11:00:55 IST" skipped="1">
  <testcase classname="Test.day3" name="MobileSignoutCarLoan" time="0.007"/>
  <testcase classname="Test.day3" name="MobileloginCarLoan" time="0.006"/>
  <testcase classname="Test.day3" name="MobileSignoutCarLoan" time="0.025"/>
  <testcase classname="Test.day3" name="MobileSignoutCarLoan" time="0.008"/>
  <testcase classname="Test.day3" name="LoginApiCarLoan" time="0.005"/>
  <testcase classname="Test.day3" name="WebloginCarLoan" time="0.006"/>
  <testcase classname="Test.day3" name="MobileSigninCarLoan">
    <skipped/>
  </testcase> <!-- MobileSigninCarLoan -->
</testsuite> <!-- Test.day3 -->
